app/build/intermediates/manifest_merge_blame_file/debug/manifest-merger-blame-debug-report.txt
1<?xml version="1.0" encoding="utf-8"?>
2<manifest xmlns:android="http://schemas.android.com/apk/res/android"
3    package="com.example.afternoonactivity"
4    android:versionCode="1"
5    android:versionName="1.0" >
6
7    <uses-sdk
8        android:minSdkVersion="19"
8-->src/main/AndroidManifest.xml
9        android:targetSdkVersion="33" />
9-->src/main/AndroidManifest.xml
10
11    <uses-permission android:name="android.permission.INTERNET" />
11-->src/main/AndroidManifest.xml:4:5-66
11-->src/main/AndroidManifest.xml:4:22-64
12
13    <permission
13-->[androidx.core:core:1.9.0] AndroidManifest.xml:22:5-24:47
14        android:name="com.example.afternoonactivity.DYNAMIC_RECEIVER_NOT_EXPORTED_PERMISSION"
14-->[androidx.core:core:1.9.0] AndroidManifest.xml:23:9-81
15        android:protectionLevel="signature" />
15-->[androidx.core:core:1.9.0] AndroidManifest.xml:24:9-44
16
17    <uses-permission android:name="com.example.afternoonactivity.DYNAMIC_RECEIVER_NOT_EXPORTED_PERMISSION" />
17-->[androidx.core:core:1.9.0] AndroidManifest.xml:26:5-97
17-->[androidx.core:core:1.9.0] AndroidManifest.xml:26:22-94
18
19    <application
19-->src/main/AndroidManifest.xml:5:5-32:19
20        android:allowBackup="true"
20-->src/main/AndroidManifest.xml:6:9-35
21        android:appComponentFactory="androidx.core.app.CoreComponentFactory"
21-->[androidx.core:core:1.9.0] AndroidManifest.xml:28:18-86
22        android:dataExtractionRules="@xml/data_extraction_rules"
22-->src/main/AndroidManifest.xml:7:9-65
23        android:debuggable="true"
24        android:fullBackupContent="@xml/backup_rules"
24-->src/main/AndroidManifest.xml:8:9-54
25        android:icon="@mipmap/ic_launcher"
25-->src/main/AndroidManifest.xml:9:9-43
26        android:label="@string/app_name"
26-->src/main/AndroidManifest.xml:10:9-41
27        android:supportsRtl="true"
27-->src/main/AndroidManifest.xml:11:9-35
28        android:testOnly="true"
29        android:theme="@style/Theme.AfternoonActivity" >
29-->src/main/AndroidManifest.xml:12:9-55
30        <activity
30-->src/main/AndroidManifest.xml:14:9-16:40
31            android:name="com.example.afternoonactivity.ContactsActivity"
31-->src/main/AndroidManifest.xml:15:13-45
32            android:exported="false" />
32-->src/main/AndroidManifest.xml:16:13-37
33        <activity
33-->src/main/AndroidManifest.xml:17:9-19:40
34            android:name="com.example.afternoonactivity.WebsiteActivity"
34-->src/main/AndroidManifest.xml:18:13-44
35            android:exported="false" />
35-->src/main/AndroidManifest.xml:19:13-37
36        <activity
36-->src/main/AndroidManifest.xml:20:9-22:40
37            android:name="com.example.afternoonactivity.CalculatorActivity"
37-->src/main/AndroidManifest.xml:21:13-47
38            android:exported="false" />
38-->src/main/AndroidManifest.xml:22:13-37
39        <activity
39-->src/main/AndroidManifest.xml:23:9-31:20
40            android:name="com.example.afternoonactivity.MainActivity"
40-->src/main/AndroidManifest.xml:24:13-41
41            android:exported="true" >
41-->src/main/AndroidManifest.xml:25:13-36
42            <intent-filter>
42-->src/main/AndroidManifest.xml:26:13-30:29
43                <action android:name="android.intent.action.MAIN" />
43-->src/main/AndroidManifest.xml:27:17-69
43-->src/main/AndroidManifest.xml:27:25-66
44
45                <category android:name="android.intent.category.LAUNCHER" />
45-->src/main/AndroidManifest.xml:29:17-77
45-->src/main/AndroidManifest.xml:29:27-74
46            </intent-filter>
47        </activity>
48
49        <provider
49-->[androidx.emoji2:emoji2:1.2.0] AndroidManifest.xml:24:9-32:20
50            android:name="androidx.startup.InitializationProvider"
50-->[androidx.emoji2:emoji2:1.2.0] AndroidManifest.xml:25:13-67
51            android:authorities="com.example.afternoonactivity.androidx-startup"
51-->[androidx.emoji2:emoji2:1.2.0] AndroidManifest.xml:26:13-68
52            android:exported="false" >
52-->[androidx.emoji2:emoji2:1.2.0] AndroidManifest.xml:27:13-37
53            <meta-data
53-->[androidx.emoji2:emoji2:1.2.0] AndroidManifest.xml:29:13-31:52
54                android:name="androidx.emoji2.text.EmojiCompatInitializer"
54-->[androidx.emoji2:emoji2:1.2.0] AndroidManifest.xml:30:17-75
55                android:value="androidx.startup" />
55-->[androidx.emoji2:emoji2:1.2.0] AndroidManifest.xml:31:17-49
56            <meta-data
56-->[androidx.lifecycle:lifecycle-process:2.4.1] AndroidManifest.xml:31:13-33:52
57                android:name="androidx.lifecycle.ProcessLifecycleInitializer"
57-->[androidx.lifecycle:lifecycle-process:2.4.1] AndroidManifest.xml:32:17-78
58                android:value="androidx.startup" />
58-->[androidx.lifecycle:lifecycle-process:2.4.1] AndroidManifest.xml:33:17-49
59        </provider>
60    </application>
61
62</manifest>